<?xml version="1.0" encoding="UTF-8"?>
<!-- Generated by org.testng.reporters.JUnitReportReporter -->
<testsuite hostname="LAPTOP-2DBSRI6Q" failures="0" tests="5" name="practice.TestNG" time="0.016" errors="0" timestamp="2023-11-28T11:21:16 IST" skipped="1">
  <testcase classname="practice.TestNG" name="modifyproduct" time="0.002"/>
  <testcase classname="practice.TestNG" name="createProduct" time="0.010"/>
  <testcase classname="practice.TestNG" name="modifyproduct" time="0.001"/>
  <testcase classname="practice.TestNG" name="modifyproduct" time="0.003"/>
  <testcase classname="practice.TestNG" name="deleteproduct">
    <skipped/>
  </testcase> <!-- deleteproduct -->
</testsuite> <!-- practice.TestNG -->
